2016-09-01 11:22:23 Error: [MissingControllerException] Controller class PhpMyAdminController could not be found.
Exception Attributes: array (
  'class' => 'PhpMyAdminController',
  'plugin' => NULL,
)
Request URL: /cakephp/phpMyAdmin
Stack Trace:
#0 /src/cakephp/app/webroot/index.php(111): Dispatcher->dispatch(Object(CakeRequest), Object(CakeResponse))
#1 {main}
2016-09-01 11:23:32 Error: [MissingControllerException] Controller class PhpMyAdminController could not be found.
Exception Attributes: array (
  'class' => 'PhpMyAdminController',
  'plugin' => NULL,
)
Request URL: /cakephp/phpMyAdmin
Stack Trace:
#0 /src/cakephp/app/webroot/index.php(111): Dispatcher->dispatch(Object(CakeRequest), Object(CakeResponse))
#1 {main}
2016-09-01 11:23:41 Error: [MissingControllerException] Controller class PhpMyAdminController could not be found.
Exception Attributes: array (
  'class' => 'PhpMyAdminController',
  'plugin' => NULL,
)
Request URL: /cakephp/phpMyAdmin
Stack Trace:
#0 /src/cakephp/app/webroot/index.php(111): Dispatcher->dispatch(Object(CakeRequest), Object(CakeResponse))
#1 {main}
2016-09-01 13:46:27 Error: [MissingActionException] Action PostsController::index() could not be found.
Exception Attributes: array (
  'controller' => 'PostsController',
  'action' => 'index',
)
Request URL: /cakephp/posts
Stack Trace:
#0 /src/cakephp/lib/Cake/Routing/Dispatcher.php(193): Controller->invokeAction(Object(CakeRequest))
#1 /src/cakephp/lib/Cake/Routing/Dispatcher.php(167): Dispatcher->_invoke(Object(PostsController), Object(CakeRequest))
#2 /src/cakephp/app/webroot/index.php(111): Dispatcher->dispatch(Object(CakeRequest), Object(CakeResponse))
#3 {main}
2016-09-01 13:48:39 Error: [MissingViewException] View file "Posts/index.ctp" is missing.
Exception Attributes: array (
  'file' => 'Posts/index.ctp',
)
Request URL: /cakephp/posts
Stack Trace:
#0 /src/cakephp/lib/Cake/View/View.php(470): View->_getViewFileName(NULL)
#1 /src/cakephp/lib/Cake/Controller/Controller.php(963): View->render(NULL, NULL)
#2 /src/cakephp/lib/Cake/Routing/Dispatcher.php(200): Controller->render()
#3 /src/cakephp/lib/Cake/Routing/Dispatcher.php(167): Dispatcher->_invoke(Object(PostsController), Object(CakeRequest))
#4 /src/cakephp/app/webroot/index.php(111): Dispatcher->dispatch(Object(CakeRequest), Object(CakeResponse))
#5 {main}
2016-09-01 13:53:01 Error: [MissingActionException] Action PostsController::add() could not be found.
Exception Attributes: array (
  'controller' => 'PostsController',
  'action' => 'add',
)
Request URL: /cakephp/posts/add
Stack Trace:
#0 /src/cakephp/lib/Cake/Routing/Dispatcher.php(193): Controller->invokeAction(Object(CakeRequest))
#1 /src/cakephp/lib/Cake/Routing/Dispatcher.php(167): Dispatcher->_invoke(Object(PostsController), Object(CakeRequest))
#2 /src/cakephp/app/webroot/index.php(111): Dispatcher->dispatch(Object(CakeRequest), Object(CakeResponse))
#3 {main}
2016-09-01 13:53:02 Error: [MissingActionException] Action PostsController::add() could not be found.
Exception Attributes: array (
  'controller' => 'PostsController',
  'action' => 'add',
)
Request URL: /cakephp/posts/add
Stack Trace:
#0 /src/cakephp/lib/Cake/Routing/Dispatcher.php(193): Controller->invokeAction(Object(CakeRequest))
#1 /src/cakephp/lib/Cake/Routing/Dispatcher.php(167): Dispatcher->_invoke(Object(PostsController), Object(CakeRequest))
#2 /src/cakephp/app/webroot/index.php(111): Dispatcher->dispatch(Object(CakeRequest), Object(CakeResponse))
#3 {main}
2016-09-01 13:53:03 Error: [MissingActionException] Action PostsController::add() could not be found.
Exception Attributes: array (
  'controller' => 'PostsController',
  'action' => 'add',
)
Request URL: /cakephp/posts/add
Stack Trace:
#0 /src/cakephp/lib/Cake/Routing/Dispatcher.php(193): Controller->invokeAction(Object(CakeRequest))
#1 /src/cakephp/lib/Cake/Routing/Dispatcher.php(167): Dispatcher->_invoke(Object(PostsController), Object(CakeRequest))
#2 /src/cakephp/app/webroot/index.php(111): Dispatcher->dispatch(Object(CakeRequest), Object(CakeResponse))
#3 {main}
2016-09-01 13:53:06 Error: [MissingActionException] Action PostsController::add() could not be found.
Exception Attributes: array (
  'controller' => 'PostsController',
  'action' => 'add',
)
Request URL: /cakephp/posts/add
Stack Trace:
#0 /src/cakephp/lib/Cake/Routing/Dispatcher.php(193): Controller->invokeAction(Object(CakeRequest))
#1 /src/cakephp/lib/Cake/Routing/Dispatcher.php(167): Dispatcher->_invoke(Object(PostsController), Object(CakeRequest))
#2 /src/cakephp/app/webroot/index.php(111): Dispatcher->dispatch(Object(CakeRequest), Object(CakeResponse))
#3 {main}
2016-09-01 14:14:36 Error: Fatal Error (1): Call to undefined function index() in [/src/cakephp/app/View/Posts/index.ctp, line 3]
2016-09-01 14:14:36 Error: [FatalErrorException] Call to undefined function index()
Request URL: /cakephp/posts
Stack Trace:
#0 /src/cakephp/lib/Cake/Error/ErrorHandler.php(213): ErrorHandler::handleFatalError(1, 'Call to undefin...', '/src/cakephp/ap...', 3)
#1 [internal function]: ErrorHandler::handleError(1, 'Call to undefin...', '/src/cakephp/ap...', 3, Array)
#2 /src/cakephp/lib/Cake/Core/App.php(970): call_user_func('ErrorHandler::h...', 1, 'Call to undefin...', '/src/cakephp/ap...', 3, Array)
#3 /src/cakephp/lib/Cake/Core/App.php(943): App::_checkFatalError()
#4 [internal function]: App::shutdown()
#5 {main}
2016-09-01 14:19:02 Error: Fatal Error (1): Class 'Model' not found in [/src/cakephp/app/Model/AppModel.php, line 34]
2016-09-01 14:19:02 Error: [FatalErrorException] Class 'Model' not found
Request URL: /cakephp/posts
Stack Trace:
#0 /src/cakephp/lib/Cake/Error/ErrorHandler.php(213): ErrorHandler::handleFatalError(1, 'Class 'Model' n...', '/src/cakephp/ap...', 34)
#1 [internal function]: ErrorHandler::handleError(1, 'Class 'Model' n...', '/src/cakephp/ap...', 34, Array)
#2 /src/cakephp/lib/Cake/Core/App.php(970): call_user_func('ErrorHandler::h...', 1, 'Class 'Model' n...', '/src/cakephp/ap...', 34, Array)
#3 /src/cakephp/lib/Cake/Core/App.php(943): App::_checkFatalError()
#4 [internal function]: App::shutdown()
#5 {main}
2016-09-01 14:19:16 Error: [MissingViewException] View file "Posts/index.ctp" is missing.
Exception Attributes: array (
  'file' => 'Posts/index.ctp',
)
Request URL: /cakephp/posts
Stack Trace:
#0 /src/cakephp/lib/Cake/View/View.php(470): View->_getViewFileName(NULL)
#1 /src/cakephp/lib/Cake/Controller/Controller.php(963): View->render(NULL, NULL)
#2 /src/cakephp/lib/Cake/Routing/Dispatcher.php(200): Controller->render()
#3 /src/cakephp/lib/Cake/Routing/Dispatcher.php(167): Dispatcher->_invoke(Object(PostsController), Object(CakeRequest))
#4 /src/cakephp/app/webroot/index.php(111): Dispatcher->dispatch(Object(CakeRequest), Object(CakeResponse))
#5 {main}
2016-09-01 14:31:47 Error: Fatal Error (4): syntax error, unexpected $end, expecting T_FUNCTION in [/src/cakephp/app/Controller/PostsController.php, line 23]
2016-09-01 14:31:47 Error: [FatalErrorException] syntax error, unexpected $end, expecting T_FUNCTION
Request URL: /cakephp/posts
Stack Trace:
#0 /src/cakephp/lib/Cake/Error/ErrorHandler.php(213): ErrorHandler::handleFatalError(4, 'syntax error, u...', '/src/cakephp/ap...', 23)
#1 [internal function]: ErrorHandler::handleError(4, 'syntax error, u...', '/src/cakephp/ap...', 23, Array)
#2 /src/cakephp/lib/Cake/Core/App.php(970): call_user_func('ErrorHandler::h...', 4, 'syntax error, u...', '/src/cakephp/ap...', 23, Array)
#3 /src/cakephp/lib/Cake/Core/App.php(943): App::_checkFatalError()
#4 [internal function]: App::shutdown()
#5 {main}
2016-09-01 14:31:48 Error: Fatal Error (4): syntax error, unexpected $end, expecting T_FUNCTION in [/src/cakephp/app/Controller/PostsController.php, line 23]
2016-09-01 14:31:48 Error: [FatalErrorException] syntax error, unexpected $end, expecting T_FUNCTION
Request URL: /cakephp/posts
Stack Trace:
#0 /src/cakephp/lib/Cake/Error/ErrorHandler.php(213): ErrorHandler::handleFatalError(4, 'syntax error, u...', '/src/cakephp/ap...', 23)
#1 [internal function]: ErrorHandler::handleError(4, 'syntax error, u...', '/src/cakephp/ap...', 23, Array)
#2 /src/cakephp/lib/Cake/Core/App.php(970): call_user_func('ErrorHandler::h...', 4, 'syntax error, u...', '/src/cakephp/ap...', 23, Array)
#3 /src/cakephp/lib/Cake/Core/App.php(943): App::_checkFatalError()
#4 [internal function]: App::shutdown()
#5 {main}
2016-09-01 15:56:20 Error: Fatal Error (4): syntax error, unexpected ')' in [/src/cakephp/app/Controller/ExamplesController.php, line 140]
2016-09-01 15:56:20 Error: [FatalErrorException] syntax error, unexpected ')'
Request URL: /cakephp/examples/index
Stack Trace:
#0 /src/cakephp/lib/Cake/Error/ErrorHandler.php(213): ErrorHandler::handleFatalError(4, 'syntax error, u...', '/src/cakephp/ap...', 140)
#1 [internal function]: ErrorHandler::handleError(4, 'syntax error, u...', '/src/cakephp/ap...', 140, Array)
#2 /src/cakephp/lib/Cake/Core/App.php(970): call_user_func('ErrorHandler::h...', 4, 'syntax error, u...', '/src/cakephp/ap...', 140, Array)
#3 /src/cakephp/lib/Cake/Core/App.php(943): App::_checkFatalError()
#4 [internal function]: App::shutdown()
#5 {main}
2016-09-01 15:56:23 Error: Fatal Error (4): syntax error, unexpected ')' in [/src/cakephp/app/Controller/ExamplesController.php, line 140]
2016-09-01 15:56:23 Error: [FatalErrorException] syntax error, unexpected ')'
Request URL: /cakephp/examples/index
Stack Trace:
#0 /src/cakephp/lib/Cake/Error/ErrorHandler.php(213): ErrorHandler::handleFatalError(4, 'syntax error, u...', '/src/cakephp/ap...', 140)
#1 [internal function]: ErrorHandler::handleError(4, 'syntax error, u...', '/src/cakephp/ap...', 140, Array)
#2 /src/cakephp/lib/Cake/Core/App.php(970): call_user_func('ErrorHandler::h...', 4, 'syntax error, u...', '/src/cakephp/ap...', 140, Array)
#3 /src/cakephp/lib/Cake/Core/App.php(943): App::_checkFatalError()
#4 [internal function]: App::shutdown()
#5 {main}
2016-09-01 15:56:24 Error: Fatal Error (4): syntax error, unexpected ')' in [/src/cakephp/app/Controller/ExamplesController.php, line 140]
2016-09-01 15:56:24 Error: [FatalErrorException] syntax error, unexpected ')'
Request URL: /cakephp/examples/index
Stack Trace:
#0 /src/cakephp/lib/Cake/Error/ErrorHandler.php(213): ErrorHandler::handleFatalError(4, 'syntax error, u...', '/src/cakephp/ap...', 140)
#1 [internal function]: ErrorHandler::handleError(4, 'syntax error, u...', '/src/cakephp/ap...', 140, Array)
#2 /src/cakephp/lib/Cake/Core/App.php(970): call_user_func('ErrorHandler::h...', 4, 'syntax error, u...', '/src/cakephp/ap...', 140, Array)
#3 /src/cakephp/lib/Cake/Core/App.php(943): App::_checkFatalError()
#4 [internal function]: App::shutdown()
#5 {main}
2016-09-01 15:56:25 Error: Fatal Error (4): syntax error, unexpected ')' in [/src/cakephp/app/Controller/ExamplesController.php, line 140]
2016-09-01 15:56:25 Error: [FatalErrorException] syntax error, unexpected ')'
Request URL: /cakephp/examples/index
Stack Trace:
#0 /src/cakephp/lib/Cake/Error/ErrorHandler.php(213): ErrorHandler::handleFatalError(4, 'syntax error, u...', '/src/cakephp/ap...', 140)
#1 [internal function]: ErrorHandler::handleError(4, 'syntax error, u...', '/src/cakephp/ap...', 140, Array)
#2 /src/cakephp/lib/Cake/Core/App.php(970): call_user_func('ErrorHandler::h...', 4, 'syntax error, u...', '/src/cakephp/ap...', 140, Array)
#3 /src/cakephp/lib/Cake/Core/App.php(943): App::_checkFatalError()
#4 [internal function]: App::shutdown()
#5 {main}
2016-09-01 15:56:36 Error: Fatal Error (4): syntax error, unexpected ')' in [/src/cakephp/app/Controller/ExamplesController.php, line 140]
2016-09-01 15:56:36 Error: [FatalErrorException] syntax error, unexpected ')'
Request URL: /cakephp/examples/index
Stack Trace:
#0 /src/cakephp/lib/Cake/Error/ErrorHandler.php(213): ErrorHandler::handleFatalError(4, 'syntax error, u...', '/src/cakephp/ap...', 140)
#1 [internal function]: ErrorHandler::handleError(4, 'syntax error, u...', '/src/cakephp/ap...', 140, Array)
#2 /src/cakephp/lib/Cake/Core/App.php(970): call_user_func('ErrorHandler::h...', 4, 'syntax error, u...', '/src/cakephp/ap...', 140, Array)
#3 /src/cakephp/lib/Cake/Core/App.php(943): App::_checkFatalError()
#4 [internal function]: App::shutdown()
#5 {main}
2016-09-01 15:56:55 Error: Fatal Error (4): syntax error, unexpected ')' in [/src/cakephp/app/Controller/ExamplesController.php, line 140]
2016-09-01 15:56:55 Error: [FatalErrorException] syntax error, unexpected ')'
Request URL: /cakephp/examples/index
Stack Trace:
#0 /src/cakephp/lib/Cake/Error/ErrorHandler.php(213): ErrorHandler::handleFatalError(4, 'syntax error, u...', '/src/cakephp/ap...', 140)
#1 [internal function]: ErrorHandler::handleError(4, 'syntax error, u...', '/src/cakephp/ap...', 140, Array)
#2 /src/cakephp/lib/Cake/Core/App.php(970): call_user_func('ErrorHandler::h...', 4, 'syntax error, u...', '/src/cakephp/ap...', 140, Array)
#3 /src/cakephp/lib/Cake/Core/App.php(943): App::_checkFatalError()
#4 [internal function]: App::shutdown()
#5 {main}
2016-09-01 15:57:00 Error: Fatal Error (4): syntax error, unexpected ')' in [/src/cakephp/app/Controller/ExamplesController.php, line 140]
2016-09-01 15:57:00 Error: [FatalErrorException] syntax error, unexpected ')'
Request URL: /cakephp/examples/index
Stack Trace:
#0 /src/cakephp/lib/Cake/Error/ErrorHandler.php(213): ErrorHandler::handleFatalError(4, 'syntax error, u...', '/src/cakephp/ap...', 140)
#1 [internal function]: ErrorHandler::handleError(4, 'syntax error, u...', '/src/cakephp/ap...', 140, Array)
#2 /src/cakephp/lib/Cake/Core/App.php(970): call_user_func('ErrorHandler::h...', 4, 'syntax error, u...', '/src/cakephp/ap...', 140, Array)
#3 /src/cakephp/lib/Cake/Core/App.php(943): App::_checkFatalError()
#4 [internal function]: App::shutdown()
#5 {main}
2016-09-01 15:57:01 Error: Fatal Error (4): syntax error, unexpected ')' in [/src/cakephp/app/Controller/ExamplesController.php, line 140]
2016-09-01 15:57:01 Error: [FatalErrorException] syntax error, unexpected ')'
Request URL: /cakephp/examples/index
Stack Trace:
#0 /src/cakephp/lib/Cake/Error/ErrorHandler.php(213): ErrorHandler::handleFatalError(4, 'syntax error, u...', '/src/cakephp/ap...', 140)
#1 [internal function]: ErrorHandler::handleError(4, 'syntax error, u...', '/src/cakephp/ap...', 140, Array)
#2 /src/cakephp/lib/Cake/Core/App.php(970): call_user_func('ErrorHandler::h...', 4, 'syntax error, u...', '/src/cakephp/ap...', 140, Array)
#3 /src/cakephp/lib/Cake/Core/App.php(943): App::_checkFatalError()
#4 [internal function]: App::shutdown()
#5 {main}
2016-09-01 15:57:05 Error: Fatal Error (4): syntax error, unexpected ')' in [/src/cakephp/app/Controller/ExamplesController.php, line 140]
2016-09-01 15:57:05 Error: [FatalErrorException] syntax error, unexpected ')'
Request URL: /cakephp/examples/
Stack Trace:
#0 /src/cakephp/lib/Cake/Error/ErrorHandler.php(213): ErrorHandler::handleFatalError(4, 'syntax error, u...', '/src/cakephp/ap...', 140)
#1 [internal function]: ErrorHandler::handleError(4, 'syntax error, u...', '/src/cakephp/ap...', 140, Array)
#2 /src/cakephp/lib/Cake/Core/App.php(970): call_user_func('ErrorHandler::h...', 4, 'syntax error, u...', '/src/cakephp/ap...', 140, Array)
#3 /src/cakephp/lib/Cake/Core/App.php(943): App::_checkFatalError()
#4 [internal function]: App::shutdown()
#5 {main}
2016-09-01 15:57:08 Error: Fatal Error (4): syntax error, unexpected ')' in [/src/cakephp/app/Controller/ExamplesController.php, line 140]
2016-09-01 15:57:08 Error: [FatalErrorException] syntax error, unexpected ')'
Request URL: /cakephp/examples/logout
Stack Trace:
#0 /src/cakephp/lib/Cake/Error/ErrorHandler.php(213): ErrorHandler::handleFatalError(4, 'syntax error, u...', '/src/cakephp/ap...', 140)
#1 [internal function]: ErrorHandler::handleError(4, 'syntax error, u...', '/src/cakephp/ap...', 140, Array)
#2 /src/cakephp/lib/Cake/Core/App.php(970): call_user_func('ErrorHandler::h...', 4, 'syntax error, u...', '/src/cakephp/ap...', 140, Array)
#3 /src/cakephp/lib/Cake/Core/App.php(943): App::_checkFatalError()
#4 [internal function]: App::shutdown()
#5 {main}
2016-09-01 16:32:22 Error: Fatal Error (1): Call to undefined method CookieComponent::reak() in [/src/cakephp/app/Controller/ExamplesController.php, line 103]
2016-09-01 16:32:22 Error: [FatalErrorException] Call to undefined method CookieComponent::reak()
Request URL: /cakephp/examples/login
Stack Trace:
#0 /src/cakephp/lib/Cake/Error/ErrorHandler.php(213): ErrorHandler::handleFatalError(1, 'Call to undefin...', '/src/cakephp/ap...', 103)
#1 [internal function]: ErrorHandler::handleError(1, 'Call to undefin...', '/src/cakephp/ap...', 103, Array)
#2 /src/cakephp/lib/Cake/Core/App.php(970): call_user_func('ErrorHandler::h...', 1, 'Call to undefin...', '/src/cakephp/ap...', 103, Array)
#3 /src/cakephp/lib/Cake/Core/App.php(943): App::_checkFatalError()
#4 [internal function]: App::shutdown()
#5 {main}
2016-09-01 16:32:25 Error: Fatal Error (1): Call to undefined method CookieComponent::reak() in [/src/cakephp/app/Controller/ExamplesController.php, line 103]
2016-09-01 16:32:25 Error: [FatalErrorException] Call to undefined method CookieComponent::reak()
Request URL: /cakephp/examples/login
Stack Trace:
#0 /src/cakephp/lib/Cake/Error/ErrorHandler.php(213): ErrorHandler::handleFatalError(1, 'Call to undefin...', '/src/cakephp/ap...', 103)
#1 [internal function]: ErrorHandler::handleError(1, 'Call to undefin...', '/src/cakephp/ap...', 103, Array)
#2 /src/cakephp/lib/Cake/Core/App.php(970): call_user_func('ErrorHandler::h...', 1, 'Call to undefin...', '/src/cakephp/ap...', 103, Array)
#3 /src/cakephp/lib/Cake/Core/App.php(943): App::_checkFatalError()
#4 [internal function]: App::shutdown()
#5 {main}
2016-09-01 16:43:07 Error: Fatal Error (4): syntax error, unexpected T_OBJECT_OPERATOR, expecting T_PAAMAYIM_NEKUDOTAYIM in [/src/cakephp/app/Controller/ExamplesController.php, line 106]
2016-09-01 16:43:07 Error: [FatalErrorException] syntax error, unexpected T_OBJECT_OPERATOR, expecting T_PAAMAYIM_NEKUDOTAYIM
Request URL: /cakephp/examples/index
Stack Trace:
#0 /src/cakephp/lib/Cake/Error/ErrorHandler.php(213): ErrorHandler::handleFatalError(4, 'syntax error, u...', '/src/cakephp/ap...', 106)
#1 [internal function]: ErrorHandler::handleError(4, 'syntax error, u...', '/src/cakephp/ap...', 106, Array)
#2 /src/cakephp/lib/Cake/Core/App.php(970): call_user_func('ErrorHandler::h...', 4, 'syntax error, u...', '/src/cakephp/ap...', 106, Array)
#3 /src/cakephp/lib/Cake/Core/App.php(943): App::_checkFatalError()
#4 [internal function]: App::shutdown()
#5 {main}
2016-09-01 17:26:37 Error: Fatal Error (4): syntax error, unexpected T_OBJECT_OPERATOR, expecting T_PAAMAYIM_NEKUDOTAYIM in [/src/cakephp/app/Controller/ExamplesController.php, line 106]
2016-09-01 17:26:37 Error: [FatalErrorException] syntax error, unexpected T_OBJECT_OPERATOR, expecting T_PAAMAYIM_NEKUDOTAYIM
Request URL: /cakephp/examples/index
Stack Trace:
#0 /src/cakephp/lib/Cake/Error/ErrorHandler.php(213): ErrorHandler::handleFatalError(4, 'syntax error, u...', '/src/cakephp/ap...', 106)
#1 [internal function]: ErrorHandler::handleError(4, 'syntax error, u...', '/src/cakephp/ap...', 106, Array)
#2 /src/cakephp/lib/Cake/Core/App.php(970): call_user_func('ErrorHandler::h...', 4, 'syntax error, u...', '/src/cakephp/ap...', 106, Array)
#3 /src/cakephp/lib/Cake/Core/App.php(943): App::_checkFatalError()
#4 [internal function]: App::shutdown()
#5 {main}
2016-09-01 17:26:39 Error: Fatal Error (4): syntax error, unexpected T_OBJECT_OPERATOR, expecting T_PAAMAYIM_NEKUDOTAYIM in [/src/cakephp/app/Controller/ExamplesController.php, line 106]
2016-09-01 17:26:39 Error: [FatalErrorException] syntax error, unexpected T_OBJECT_OPERATOR, expecting T_PAAMAYIM_NEKUDOTAYIM
Request URL: /cakephp/examples/index
Stack Trace:
#0 /src/cakephp/lib/Cake/Error/ErrorHandler.php(213): ErrorHandler::handleFatalError(4, 'syntax error, u...', '/src/cakephp/ap...', 106)
#1 [internal function]: ErrorHandler::handleError(4, 'syntax error, u...', '/src/cakephp/ap...', 106, Array)
#2 /src/cakephp/lib/Cake/Core/App.php(970): call_user_func('ErrorHandler::h...', 4, 'syntax error, u...', '/src/cakephp/ap...', 106, Array)
#3 /src/cakephp/lib/Cake/Core/App.php(943): App::_checkFatalError()
#4 [internal function]: App::shutdown()
#5 {main}
2016-09-01 19:06:47 Error: Fatal Error (1): Call to undefined function isst() in [/src/cakephp/app/Controller/ExamplesController.php, line 106]
2016-09-01 19:06:47 Error: [FatalErrorException] Call to undefined function isst()
Request URL: /cakephp/examples/login
Stack Trace:
#0 /src/cakephp/lib/Cake/Error/ErrorHandler.php(213): ErrorHandler::handleFatalError(1, 'Call to undefin...', '/src/cakephp/ap...', 106)
#1 [internal function]: ErrorHandler::handleError(1, 'Call to undefin...', '/src/cakephp/ap...', 106, Array)
#2 /src/cakephp/lib/Cake/Core/App.php(970): call_user_func('ErrorHandler::h...', 1, 'Call to undefin...', '/src/cakephp/ap...', 106, Array)
#3 /src/cakephp/lib/Cake/Core/App.php(943): App::_checkFatalError()
#4 [internal function]: App::shutdown()
#5 {main}
2016-09-02 14:09:25 Error: Fatal Error (4): syntax error, unexpected T_STRING in [/src/cakephp/app/Controller/ExamplesController.php, line 105]
2016-09-02 14:09:25 Error: [FatalErrorException] syntax error, unexpected T_STRING
Request URL: /cakephp/examples/login
Stack Trace:
#0 /src/cakephp/lib/Cake/Error/ErrorHandler.php(213): ErrorHandler::handleFatalError(4, 'syntax error, u...', '/src/cakephp/ap...', 105)
#1 [internal function]: ErrorHandler::handleError(4, 'syntax error, u...', '/src/cakephp/ap...', 105, Array)
#2 /src/cakephp/lib/Cake/Core/App.php(970): call_user_func('ErrorHandler::h...', 4, 'syntax error, u...', '/src/cakephp/ap...', 105, Array)
#3 /src/cakephp/lib/Cake/Core/App.php(943): App::_checkFatalError()
#4 [internal function]: App::shutdown()
#5 {main}
2016-09-02 14:10:13 Error: Fatal Error (4): syntax error, unexpected T_STRING in [/src/cakephp/app/Controller/ExamplesController.php, line 105]
2016-09-02 14:10:13 Error: [FatalErrorException] syntax error, unexpected T_STRING
Request URL: /cakephp/examples/login
Stack Trace:
#0 /src/cakephp/lib/Cake/Error/ErrorHandler.php(213): ErrorHandler::handleFatalError(4, 'syntax error, u...', '/src/cakephp/ap...', 105)
#1 [internal function]: ErrorHandler::handleError(4, 'syntax error, u...', '/src/cakephp/ap...', 105, Array)
#2 /src/cakephp/lib/Cake/Core/App.php(970): call_user_func('ErrorHandler::h...', 4, 'syntax error, u...', '/src/cakephp/ap...', 105, Array)
#3 /src/cakephp/lib/Cake/Core/App.php(943): App::_checkFatalError()
#4 [internal function]: App::shutdown()
#5 {main}
2016-09-02 14:10:23 Error: Fatal Error (4): syntax error, unexpected T_STRING in [/src/cakephp/app/Controller/ExamplesController.php, line 105]
2016-09-02 14:10:23 Error: [FatalErrorException] syntax error, unexpected T_STRING
Request URL: /cakephp/examples/login
Stack Trace:
#0 /src/cakephp/lib/Cake/Error/ErrorHandler.php(213): ErrorHandler::handleFatalError(4, 'syntax error, u...', '/src/cakephp/ap...', 105)
#1 [internal function]: ErrorHandler::handleError(4, 'syntax error, u...', '/src/cakephp/ap...', 105, Array)
#2 /src/cakephp/lib/Cake/Core/App.php(970): call_user_func('ErrorHandler::h...', 4, 'syntax error, u...', '/src/cakephp/ap...', 105, Array)
#3 /src/cakephp/lib/Cake/Core/App.php(943): App::_checkFatalError()
#4 [internal function]: App::shutdown()
#5 {main}
2016-09-02 14:10:26 Error: Fatal Error (4): syntax error, unexpected T_STRING in [/src/cakephp/app/Controller/ExamplesController.php, line 105]
2016-09-02 14:10:26 Error: [FatalErrorException] syntax error, unexpected T_STRING
Request URL: /cakephp/examples/
Stack Trace:
#0 /src/cakephp/lib/Cake/Error/ErrorHandler.php(213): ErrorHandler::handleFatalError(4, 'syntax error, u...', '/src/cakephp/ap...', 105)
#1 [internal function]: ErrorHandler::handleError(4, 'syntax error, u...', '/src/cakephp/ap...', 105, Array)
#2 /src/cakephp/lib/Cake/Core/App.php(970): call_user_func('ErrorHandler::h...', 4, 'syntax error, u...', '/src/cakephp/ap...', 105, Array)
#3 /src/cakephp/lib/Cake/Core/App.php(943): App::_checkFatalError()
#4 [internal function]: App::shutdown()
#5 {main}
2016-09-02 14:12:44 Error: Fatal Error (4): syntax error, unexpected T_CONSTANT_ENCAPSED_STRING in [/src/cakephp/app/Controller/ExamplesController.php, line 111]
2016-09-02 14:12:44 Error: [FatalErrorException] syntax error, unexpected T_CONSTANT_ENCAPSED_STRING
Request URL: /cakephp/examples/login
Stack Trace:
#0 /src/cakephp/lib/Cake/Error/ErrorHandler.php(213): ErrorHandler::handleFatalError(4, 'syntax error, u...', '/src/cakephp/ap...', 111)
#1 [internal function]: ErrorHandler::handleError(4, 'syntax error, u...', '/src/cakephp/ap...', 111, Array)
#2 /src/cakephp/lib/Cake/Core/App.php(970): call_user_func('ErrorHandler::h...', 4, 'syntax error, u...', '/src/cakephp/ap...', 111, Array)
#3 /src/cakephp/lib/Cake/Core/App.php(943): App::_checkFatalError()
#4 [internal function]: App::shutdown()
#5 {main}
2016-09-02 14:12:46 Error: Fatal Error (4): syntax error, unexpected T_CONSTANT_ENCAPSED_STRING in [/src/cakephp/app/Controller/ExamplesController.php, line 111]
2016-09-02 14:12:46 Error: [FatalErrorException] syntax error, unexpected T_CONSTANT_ENCAPSED_STRING
Request URL: /cakephp/examples/login
Stack Trace:
#0 /src/cakephp/lib/Cake/Error/ErrorHandler.php(213): ErrorHandler::handleFatalError(4, 'syntax error, u...', '/src/cakephp/ap...', 111)
#1 [internal function]: ErrorHandler::handleError(4, 'syntax error, u...', '/src/cakephp/ap...', 111, Array)
#2 /src/cakephp/lib/Cake/Core/App.php(970): call_user_func('ErrorHandler::h...', 4, 'syntax error, u...', '/src/cakephp/ap...', 111, Array)
#3 /src/cakephp/lib/Cake/Core/App.php(943): App::_checkFatalError()
#4 [internal function]: App::shutdown()
#5 {main}
2016-09-02 15:38:26 Error: Fatal Error (1): Call to undefined method SessionComponent::flash() in [/src/cakephp/app/Controller/ExamplesController.php, line 105]
2016-09-02 15:38:26 Error: [FatalErrorException] Call to undefined method SessionComponent::flash()
Request URL: /cakephp/examples/login
Stack Trace:
#0 /src/cakephp/lib/Cake/Error/ErrorHandler.php(213): ErrorHandler::handleFatalError(1, 'Call to undefin...', '/src/cakephp/ap...', 105)
#1 [internal function]: ErrorHandler::handleError(1, 'Call to undefin...', '/src/cakephp/ap...', 105, Array)
#2 /src/cakephp/lib/Cake/Core/App.php(970): call_user_func('ErrorHandler::h...', 1, 'Call to undefin...', '/src/cakephp/ap...', 105, Array)
#3 /src/cakephp/lib/Cake/Core/App.php(943): App::_checkFatalError()
#4 [internal function]: App::shutdown()
#5 {main}
2016-09-02 17:17:01 Error: [MissingActionException] Action ExamplesController::1() could not be found.
Exception Attributes: array (
  'controller' => 'ExamplesController',
  'action' => '1',
)
Request URL: /cakephp/examples/1
Stack Trace:
#0 /src/cakephp/lib/Cake/Routing/Dispatcher.php(193): Controller->invokeAction(Object(CakeRequest))
#1 /src/cakephp/lib/Cake/Routing/Dispatcher.php(167): Dispatcher->_invoke(Object(ExamplesController), Object(CakeRequest))
#2 /src/cakephp/app/webroot/index.php(111): Dispatcher->dispatch(Object(CakeRequest), Object(CakeResponse))
#3 {main}
2016-09-02 17:18:45 Error: Fatal Error (4): syntax error, unexpected T_LNUMBER, expecting T_STRING in [/src/cakephp/app/Controller/ExamplesController.php, line 165]
2016-09-02 17:18:45 Error: [FatalErrorException] syntax error, unexpected T_LNUMBER, expecting T_STRING
Request URL: /cakephp/examples/1
Stack Trace:
#0 /src/cakephp/lib/Cake/Error/ErrorHandler.php(213): ErrorHandler::handleFatalError(4, 'syntax error, u...', '/src/cakephp/ap...', 165)
#1 [internal function]: ErrorHandler::handleError(4, 'syntax error, u...', '/src/cakephp/ap...', 165, Array)
#2 /src/cakephp/lib/Cake/Core/App.php(970): call_user_func('ErrorHandler::h...', 4, 'syntax error, u...', '/src/cakephp/ap...', 165, Array)
#3 /src/cakephp/lib/Cake/Core/App.php(943): App::_checkFatalError()
#4 [internal function]: App::shutdown()
#5 {main}
2016-09-02 17:19:10 Error: [MissingActionException] Action ExamplesController::1() could not be found.
Exception Attributes: array (
  'controller' => 'ExamplesController',
  'action' => '1',
)
Request URL: /cakephp/examples/1
Stack Trace:
#0 /src/cakephp/lib/Cake/Routing/Dispatcher.php(193): Controller->invokeAction(Object(CakeRequest))
#1 /src/cakephp/lib/Cake/Routing/Dispatcher.php(167): Dispatcher->_invoke(Object(ExamplesController), Object(CakeRequest))
#2 /src/cakephp/app/webroot/index.php(111): Dispatcher->dispatch(Object(CakeRequest), Object(CakeResponse))
#3 {main}
2016-09-02 17:20:03 Error: [MissingActionException] Action ExamplesController::1() could not be found.
Exception Attributes: array (
  'controller' => 'ExamplesController',
  'action' => '1',
)
Request URL: /cakephp/examples/1
Stack Trace:
#0 /src/cakephp/lib/Cake/Routing/Dispatcher.php(193): Controller->invokeAction(Object(CakeRequest))
#1 /src/cakephp/lib/Cake/Routing/Dispatcher.php(167): Dispatcher->_invoke(Object(ExamplesController), Object(CakeRequest))
#2 /src/cakephp/app/webroot/index.php(111): Dispatcher->dispatch(Object(CakeRequest), Object(CakeResponse))
#3 {main}
2016-09-02 17:20:11 Error: [MissingActionException] Action ExamplesController::1() could not be found.
Exception Attributes: array (
  'controller' => 'ExamplesController',
  'action' => '1',
)
Request URL: /cakephp/examples/1
Stack Trace:
#0 /src/cakephp/lib/Cake/Routing/Dispatcher.php(193): Controller->invokeAction(Object(CakeRequest))
#1 /src/cakephp/lib/Cake/Routing/Dispatcher.php(167): Dispatcher->_invoke(Object(ExamplesController), Object(CakeRequest))
#2 /src/cakephp/app/webroot/index.php(111): Dispatcher->dispatch(Object(CakeRequest), Object(CakeResponse))
#3 {main}
2016-09-02 17:20:22 Error: [MissingActionException] Action ExamplesController::1() could not be found.
Exception Attributes: array (
  'controller' => 'ExamplesController',
  'action' => '1',
)
Request URL: /cakephp/examples/1
Stack Trace:
#0 /src/cakephp/lib/Cake/Routing/Dispatcher.php(193): Controller->invokeAction(Object(CakeRequest))
#1 /src/cakephp/lib/Cake/Routing/Dispatcher.php(167): Dispatcher->_invoke(Object(ExamplesController), Object(CakeRequest))
#2 /src/cakephp/app/webroot/index.php(111): Dispatcher->dispatch(Object(CakeRequest), Object(CakeResponse))
#3 {main}
2016-09-02 17:57:39 Error: Fatal Error (4): syntax error, unexpected ':' in [/src/cakephp/app/Controller/ExamplesController.php, line 107]
2016-09-02 17:57:39 Error: [FatalErrorException] syntax error, unexpected ':'
Request URL: /cakephp/examples/login
Stack Trace:
#0 /src/cakephp/lib/Cake/Error/ErrorHandler.php(213): ErrorHandler::handleFatalError(4, 'syntax error, u...', '/src/cakephp/ap...', 107)
#1 [internal function]: ErrorHandler::handleError(4, 'syntax error, u...', '/src/cakephp/ap...', 107, Array)
#2 /src/cakephp/lib/Cake/Core/App.php(970): call_user_func('ErrorHandler::h...', 4, 'syntax error, u...', '/src/cakephp/ap...', 107, Array)
#3 /src/cakephp/lib/Cake/Core/App.php(943): App::_checkFatalError()
#4 [internal function]: App::shutdown()
#5 {main}
2016-09-02 18:33:01 Error: Fatal Error (1): Cannot use [] for reading in [/src/cakephp/app/Controller/ExamplesController.php, line 107]
2016-09-02 18:33:01 Error: [FatalErrorException] Cannot use [] for reading
Request URL: /cakephp/examples/login
Stack Trace:
#0 /src/cakephp/lib/Cake/Error/ErrorHandler.php(213): ErrorHandler::handleFatalError(1, 'Cannot use [] f...', '/src/cakephp/ap...', 107)
#1 [internal function]: ErrorHandler::handleError(1, 'Cannot use [] f...', '/src/cakephp/ap...', 107, Array)
#2 /src/cakephp/lib/Cake/Core/App.php(970): call_user_func('ErrorHandler::h...', 1, 'Cannot use [] f...', '/src/cakephp/ap...', 107, Array)
#3 /src/cakephp/lib/Cake/Core/App.php(943): App::_checkFatalError()
#4 [internal function]: App::shutdown()
#5 {main}
2016-09-02 18:52:24 Error: [PDOException] SQLSTATE[23000]: Integrity constraint violation: 1062 Duplicate entry 'Brønsted–Lowry' for key 'name'
Request URL: /cakephp/examples/callback?oauth_token=0hL1SAAAAAAAhO19AAABVupQM84&oauth_verifier=E0jVo27Myrdfb5ZCAruV43GJGMLoyx7H
Stack Trace:
#0 /src/cakephp/lib/Cake/Model/Datasource/DboSource.php(468): PDOStatement->execute(Array)
#1 /src/cakephp/lib/Cake/Model/Datasource/DboSource.php(434): DboSource->_execute('INSERT INTO `ca...', Array)
#2 /src/cakephp/lib/Cake/Model/Datasource/DboSource.php(1026): DboSource->execute('INSERT INTO `ca...')
#3 /src/cakephp/lib/Cake/Model/Model.php(1933): DboSource->create(Object(User), Array, Array)
#4 /src/cakephp/lib/Cake/Model/Model.php(1751): Model->_doSave(Array, Array)
#5 /src/cakephp/app/Controller/ExamplesController.php(80): Model->save(Array)
#6 [internal function]: ExamplesController->callback()
#7 /src/cakephp/lib/Cake/Controller/Controller.php(491): ReflectionMethod->invokeArgs(Object(ExamplesController), Array)
#8 /src/cakephp/lib/Cake/Routing/Dispatcher.php(193): Controller->invokeAction(Object(CakeRequest))
#9 /src/cakephp/lib/Cake/Routing/Dispatcher.php(167): Dispatcher->_invoke(Object(ExamplesController), Object(CakeRequest))
#10 /src/cakephp/app/webroot/index.php(111): Dispatcher->dispatch(Object(CakeRequest), Object(CakeResponse))
#11 {main}
2016-09-02 18:52:54 Error: [PDOException] SQLSTATE[23000]: Integrity constraint violation: 1062 Duplicate entry 'Brønsted–Lowry' for key 'name'
Request URL: /cakephp/examples/callback?oauth_token=F4KUJgAAAAAAhO19AAABVupQpuA&oauth_verifier=2biF1KSoDo28pY505VcxJNp45PcP93gD
Stack Trace:
#0 /src/cakephp/lib/Cake/Model/Datasource/DboSource.php(468): PDOStatement->execute(Array)
#1 /src/cakephp/lib/Cake/Model/Datasource/DboSource.php(434): DboSource->_execute('INSERT INTO `ca...', Array)
#2 /src/cakephp/lib/Cake/Model/Datasource/DboSource.php(1026): DboSource->execute('INSERT INTO `ca...')
#3 /src/cakephp/lib/Cake/Model/Model.php(1933): DboSource->create(Object(User), Array, Array)
#4 /src/cakephp/lib/Cake/Model/Model.php(1751): Model->_doSave(Array, Array)
#5 /src/cakephp/app/Controller/ExamplesController.php(80): Model->save(Array)
#6 [internal function]: ExamplesController->callback()
#7 /src/cakephp/lib/Cake/Controller/Controller.php(491): ReflectionMethod->invokeArgs(Object(ExamplesController), Array)
#8 /src/cakephp/lib/Cake/Routing/Dispatcher.php(193): Controller->invokeAction(Object(CakeRequest))
#9 /src/cakephp/lib/Cake/Routing/Dispatcher.php(167): Dispatcher->_invoke(Object(ExamplesController), Object(CakeRequest))
#10 /src/cakephp/app/webroot/index.php(111): Dispatcher->dispatch(Object(CakeRequest), Object(CakeResponse))
#11 {main}
2016-09-02 19:10:45 Error: [PDOException] SQLSTATE[23000]: Integrity constraint violation: 1062 Duplicate entry '2147483647' for key 'PRIMARY'
Request URL: /cakephp/examples/callback?oauth_token=9wIIywAAAAAAhO19AAABVupg_6c&oauth_verifier=ewz3prUd0z8olq3FvANSaRZ2awQU6vWv
Stack Trace:
#0 /src/cakephp/lib/Cake/Model/Datasource/DboSource.php(468): PDOStatement->execute(Array)
#1 /src/cakephp/lib/Cake/Model/Datasource/DboSource.php(434): DboSource->_execute('INSERT INTO `ca...', Array)
#2 /src/cakephp/lib/Cake/Model/Datasource/DboSource.php(1026): DboSource->execute('INSERT INTO `ca...')
#3 /src/cakephp/lib/Cake/Model/Model.php(1933): DboSource->create(Object(User), Array, Array)
#4 /src/cakephp/lib/Cake/Model/Model.php(1751): Model->_doSave(Array, Array)
#5 /src/cakephp/app/Controller/ExamplesController.php(80): Model->save(Array)
#6 [internal function]: ExamplesController->callback()
#7 /src/cakephp/lib/Cake/Controller/Controller.php(491): ReflectionMethod->invokeArgs(Object(ExamplesController), Array)
#8 /src/cakephp/lib/Cake/Routing/Dispatcher.php(193): Controller->invokeAction(Object(CakeRequest))
#9 /src/cakephp/lib/Cake/Routing/Dispatcher.php(167): Dispatcher->_invoke(Object(ExamplesController), Object(CakeRequest))
#10 /src/cakephp/app/webroot/index.php(111): Dispatcher->dispatch(Object(CakeRequest), Object(CakeResponse))
#11 {main}
2016-09-02 19:11:22 Error: [PDOException] SQLSTATE[23000]: Integrity constraint violation: 1062 Duplicate entry '2147483647' for key 'PRIMARY'
Request URL: /cakephp/examples/callback?oauth_token=-9dTFwAAAAAAhO19AAABVuphg3g&oauth_verifier=uwWm7Y0IRwJuRVItXorOdAkfxSut0aVB
Stack Trace:
#0 /src/cakephp/lib/Cake/Model/Datasource/DboSource.php(468): PDOStatement->execute(Array)
#1 /src/cakephp/lib/Cake/Model/Datasource/DboSource.php(434): DboSource->_execute('INSERT INTO `ca...', Array)
#2 /src/cakephp/lib/Cake/Model/Datasource/DboSource.php(1026): DboSource->execute('INSERT INTO `ca...')
#3 /src/cakephp/lib/Cake/Model/Model.php(1933): DboSource->create(Object(User), Array, Array)
#4 /src/cakephp/lib/Cake/Model/Model.php(1751): Model->_doSave(Array, Array)
#5 /src/cakephp/app/Controller/ExamplesController.php(80): Model->save(Array)
#6 [internal function]: ExamplesController->callback()
#7 /src/cakephp/lib/Cake/Controller/Controller.php(491): ReflectionMethod->invokeArgs(Object(ExamplesController), Array)
#8 /src/cakephp/lib/Cake/Routing/Dispatcher.php(193): Controller->invokeAction(Object(CakeRequest))
#9 /src/cakephp/lib/Cake/Routing/Dispatcher.php(167): Dispatcher->_invoke(Object(ExamplesController), Object(CakeRequest))
#10 /src/cakephp/app/webroot/index.php(111): Dispatcher->dispatch(Object(CakeRequest), Object(CakeResponse))
#11 {main}
2016-09-02 20:02:08 Error: Fatal Error (4): syntax error, unexpected T_PUBLIC in [/src/cakephp/app/Controller/ExamplesController.php, line 123]
2016-09-02 20:02:08 Error: [FatalErrorException] syntax error, unexpected T_PUBLIC
Request URL: /cakephp/examples/login
Stack Trace:
#0 /src/cakephp/lib/Cake/Error/ErrorHandler.php(213): ErrorHandler::handleFatalError(4, 'syntax error, u...', '/src/cakephp/ap...', 123)
#1 [internal function]: ErrorHandler::handleError(4, 'syntax error, u...', '/src/cakephp/ap...', 123, Array)
#2 /src/cakephp/lib/Cake/Core/App.php(970): call_user_func('ErrorHandler::h...', 4, 'syntax error, u...', '/src/cakephp/ap...', 123, Array)
#3 /src/cakephp/lib/Cake/Core/App.php(943): App::_checkFatalError()
#4 [internal function]: App::shutdown()
#5 {main}
2016-09-02 20:02:58 Error: Fatal Error (4): syntax error, unexpected T_PUBLIC in [/src/cakephp/app/Controller/ExamplesController.php, line 123]
2016-09-02 20:02:58 Error: [FatalErrorException] syntax error, unexpected T_PUBLIC
Request URL: /cakephp/examples/login
Stack Trace:
#0 /src/cakephp/lib/Cake/Error/ErrorHandler.php(213): ErrorHandler::handleFatalError(4, 'syntax error, u...', '/src/cakephp/ap...', 123)
#1 [internal function]: ErrorHandler::handleError(4, 'syntax error, u...', '/src/cakephp/ap...', 123, Array)
#2 /src/cakephp/lib/Cake/Core/App.php(970): call_user_func('ErrorHandler::h...', 4, 'syntax error, u...', '/src/cakephp/ap...', 123, Array)
#3 /src/cakephp/lib/Cake/Core/App.php(943): App::_checkFatalError()
#4 [internal function]: App::shutdown()
#5 {main}
2016-09-02 20:02:59 Error: Fatal Error (4): syntax error, unexpected T_PUBLIC in [/src/cakephp/app/Controller/ExamplesController.php, line 123]
2016-09-02 20:02:59 Error: [FatalErrorException] syntax error, unexpected T_PUBLIC
Request URL: /cakephp/examples/login
Stack Trace:
#0 /src/cakephp/lib/Cake/Error/ErrorHandler.php(213): ErrorHandler::handleFatalError(4, 'syntax error, u...', '/src/cakephp/ap...', 123)
#1 [internal function]: ErrorHandler::handleError(4, 'syntax error, u...', '/src/cakephp/ap...', 123, Array)
#2 /src/cakephp/lib/Cake/Core/App.php(970): call_user_func('ErrorHandler::h...', 4, 'syntax error, u...', '/src/cakephp/ap...', 123, Array)
#3 /src/cakephp/lib/Cake/Core/App.php(943): App::_checkFatalError()
#4 [internal function]: App::shutdown()
#5 {main}
2016-09-02 20:03:04 Error: Fatal Error (4): syntax error, unexpected T_PUBLIC in [/src/cakephp/app/Controller/ExamplesController.php, line 123]
2016-09-02 20:03:04 Error: [FatalErrorException] syntax error, unexpected T_PUBLIC
Request URL: /cakephp/examples/
Stack Trace:
#0 /src/cakephp/lib/Cake/Error/ErrorHandler.php(213): ErrorHandler::handleFatalError(4, 'syntax error, u...', '/src/cakephp/ap...', 123)
#1 [internal function]: ErrorHandler::handleError(4, 'syntax error, u...', '/src/cakephp/ap...', 123, Array)
#2 /src/cakephp/lib/Cake/Core/App.php(970): call_user_func('ErrorHandler::h...', 4, 'syntax error, u...', '/src/cakephp/ap...', 123, Array)
#3 /src/cakephp/lib/Cake/Core/App.php(943): App::_checkFatalError()
#4 [internal function]: App::shutdown()
#5 {main}
2016-09-02 20:03:22 Error: Fatal Error (4): syntax error, unexpected T_PUBLIC in [/src/cakephp/app/Controller/ExamplesController.php, line 124]
2016-09-02 20:03:22 Error: [FatalErrorException] syntax error, unexpected T_PUBLIC
Request URL: /cakephp/examples/
Stack Trace:
#0 /src/cakephp/lib/Cake/Error/ErrorHandler.php(213): ErrorHandler::handleFatalError(4, 'syntax error, u...', '/src/cakephp/ap...', 124)
#1 [internal function]: ErrorHandler::handleError(4, 'syntax error, u...', '/src/cakephp/ap...', 124, Array)
#2 /src/cakephp/lib/Cake/Core/App.php(970): call_user_func('ErrorHandler::h...', 4, 'syntax error, u...', '/src/cakephp/ap...', 124, Array)
#3 /src/cakephp/lib/Cake/Core/App.php(943): App::_checkFatalError()
#4 [internal function]: App::shutdown()
#5 {main}
2016-09-02 20:03:56 Error: Fatal Error (4): syntax error, unexpected T_PUBLIC in [/src/cakephp/app/Controller/ExamplesController.php, line 123]
2016-09-02 20:03:56 Error: [FatalErrorException] syntax error, unexpected T_PUBLIC
Request URL: /cakephp/examples/
Stack Trace:
#0 /src/cakephp/lib/Cake/Error/ErrorHandler.php(213): ErrorHandler::handleFatalError(4, 'syntax error, u...', '/src/cakephp/ap...', 123)
#1 [internal function]: ErrorHandler::handleError(4, 'syntax error, u...', '/src/cakephp/ap...', 123, Array)
#2 /src/cakephp/lib/Cake/Core/App.php(970): call_user_func('ErrorHandler::h...', 4, 'syntax error, u...', '/src/cakephp/ap...', 123, Array)
#3 /src/cakephp/lib/Cake/Core/App.php(943): App::_checkFatalError()
#4 [internal function]: App::shutdown()
#5 {main}
2016-09-02 20:04:02 Error: Fatal Error (4): syntax error, unexpected T_PUBLIC in [/src/cakephp/app/Controller/ExamplesController.php, line 123]
2016-09-02 20:04:02 Error: [FatalErrorException] syntax error, unexpected T_PUBLIC
Request URL: /cakephp/examples/login
Stack Trace:
#0 /src/cakephp/lib/Cake/Error/ErrorHandler.php(213): ErrorHandler::handleFatalError(4, 'syntax error, u...', '/src/cakephp/ap...', 123)
#1 [internal function]: ErrorHandler::handleError(4, 'syntax error, u...', '/src/cakephp/ap...', 123, Array)
#2 /src/cakephp/lib/Cake/Core/App.php(970): call_user_func('ErrorHandler::h...', 4, 'syntax error, u...', '/src/cakephp/ap...', 123, Array)
#3 /src/cakephp/lib/Cake/Core/App.php(943): App::_checkFatalError()
#4 [internal function]: App::shutdown()
#5 {main}
2016-09-02 20:04:05 Error: Fatal Error (4): syntax error, unexpected T_PUBLIC in [/src/cakephp/app/Controller/ExamplesController.php, line 123]
2016-09-02 20:04:05 Error: [FatalErrorException] syntax error, unexpected T_PUBLIC
Request URL: /cakephp/examples/logout
Stack Trace:
#0 /src/cakephp/lib/Cake/Error/ErrorHandler.php(213): ErrorHandler::handleFatalError(4, 'syntax error, u...', '/src/cakephp/ap...', 123)
#1 [internal function]: ErrorHandler::handleError(4, 'syntax error, u...', '/src/cakephp/ap...', 123, Array)
#2 /src/cakephp/lib/Cake/Core/App.php(970): call_user_func('ErrorHandler::h...', 4, 'syntax error, u...', '/src/cakephp/ap...', 123, Array)
#3 /src/cakephp/lib/Cake/Core/App.php(943): App::_checkFatalError()
#4 [internal function]: App::shutdown()
#5 {main}
2016-09-02 20:08:33 Error: Fatal Error (4): syntax error, unexpected T_PUBLIC in [/src/cakephp/app/Controller/ExamplesController.php, line 123]
2016-09-02 20:08:33 Error: [FatalErrorException] syntax error, unexpected T_PUBLIC
Request URL: /cakephp/examples/login
Stack Trace:
#0 /src/cakephp/lib/Cake/Error/ErrorHandler.php(213): ErrorHandler::handleFatalError(4, 'syntax error, u...', '/src/cakephp/ap...', 123)
#1 [internal function]: ErrorHandler::handleError(4, 'syntax error, u...', '/src/cakephp/ap...', 123, Array)
#2 /src/cakephp/lib/Cake/Core/App.php(970): call_user_func('ErrorHandler::h...', 4, 'syntax error, u...', '/src/cakephp/ap...', 123, Array)
#3 /src/cakephp/lib/Cake/Core/App.php(943): App::_checkFatalError()
#4 [internal function]: App::shutdown()
#5 {main}
2016-09-02 21:45:10 Error: [CakeException] Invalid key for decrypt(), key must be at least 256 bits (32 bytes) long.
Request URL: /cakephp/examples/login
Stack Trace:
#0 /src/cakephp/lib/Cake/Utility/Security.php(386): Security::_checkKey('Iez0lieg2vahgag...', 'decrypt()')
#1 /src/cakephp/app/Controller/ExamplesController.php(108): Security::decrypt(NULL, 'Iez0lieg2vahgag...')
#2 [internal function]: ExamplesController->login()
#3 /src/cakephp/lib/Cake/Controller/Controller.php(491): ReflectionMethod->invokeArgs(Object(ExamplesController), Array)
#4 /src/cakephp/lib/Cake/Routing/Dispatcher.php(193): Controller->invokeAction(Object(CakeRequest))
#5 /src/cakephp/lib/Cake/Routing/Dispatcher.php(167): Dispatcher->_invoke(Object(ExamplesController), Object(CakeRequest))
#6 /src/cakephp/app/webroot/index.php(111): Dispatcher->dispatch(Object(CakeRequest), Object(CakeResponse))
#7 {main}
2016-09-02 21:46:19 Error: [CakeException] The data to decrypt cannot be empty.
Request URL: /cakephp/examples/login
Stack Trace:
#0 /src/cakephp/app/Controller/ExamplesController.php(108): Security::decrypt(NULL, 'wuo9ieChee1iena...')
#1 [internal function]: ExamplesController->login()
#2 /src/cakephp/lib/Cake/Controller/Controller.php(491): ReflectionMethod->invokeArgs(Object(ExamplesController), Array)
#3 /src/cakephp/lib/Cake/Routing/Dispatcher.php(193): Controller->invokeAction(Object(CakeRequest))
#4 /src/cakephp/lib/Cake/Routing/Dispatcher.php(167): Dispatcher->_invoke(Object(ExamplesController), Object(CakeRequest))
#5 /src/cakephp/app/webroot/index.php(111): Dispatcher->dispatch(Object(CakeRequest), Object(CakeResponse))
#6 {main}
2016-09-02 21:46:21 Error: [CakeException] The data to decrypt cannot be empty.
Request URL: /cakephp/examples/login
Stack Trace:
#0 /src/cakephp/app/Controller/ExamplesController.php(108): Security::decrypt(NULL, 'wuo9ieChee1iena...')
#1 [internal function]: ExamplesController->login()
#2 /src/cakephp/lib/Cake/Controller/Controller.php(491): ReflectionMethod->invokeArgs(Object(ExamplesController), Array)
#3 /src/cakephp/lib/Cake/Routing/Dispatcher.php(193): Controller->invokeAction(Object(CakeRequest))
#4 /src/cakephp/lib/Cake/Routing/Dispatcher.php(167): Dispatcher->_invoke(Object(ExamplesController), Object(CakeRequest))
#5 /src/cakephp/app/webroot/index.php(111): Dispatcher->dispatch(Object(CakeRequest), Object(CakeResponse))
#6 {main}
2016-09-02 21:46:22 Error: [CakeException] The data to decrypt cannot be empty.
Request URL: /cakephp/examples/login
Stack Trace:
#0 /src/cakephp/app/Controller/ExamplesController.php(108): Security::decrypt(NULL, 'wuo9ieChee1iena...')
#1 [internal function]: ExamplesController->login()
#2 /src/cakephp/lib/Cake/Controller/Controller.php(491): ReflectionMethod->invokeArgs(Object(ExamplesController), Array)
#3 /src/cakephp/lib/Cake/Routing/Dispatcher.php(193): Controller->invokeAction(Object(CakeRequest))
#4 /src/cakephp/lib/Cake/Routing/Dispatcher.php(167): Dispatcher->_invoke(Object(ExamplesController), Object(CakeRequest))
#5 /src/cakephp/app/webroot/index.php(111): Dispatcher->dispatch(Object(CakeRequest), Object(CakeResponse))
#6 {main}
